<?xml version="1.0" encoding="UTF-8"?>
<coverage generated="1552484358">
  <project timestamp="1552484358">
    <package name="App\Models">
      <file name="/app/src/Models/ExampleClass.php">
        <class name="App\Models\ExampleClass" namespace="App\Models">
          <metrics complexity="1" methods="1" coveredmethods="1" conditionals="0" coveredconditionals="0" statements="1" coveredstatements="1" elements="2" coveredelements="2"/>
        </class>
        <line num="6" type="method" name="methodExample" visibility="public" complexity="1" crap="1" count="1"/>
        <line num="7" type="stmt" count="1"/>
        <metrics loc="9" ncloc="9" classes="1" methods="1" coveredmethods="1" conditionals="0" coveredconditionals="0" statements="1" coveredstatements="1" elements="2" coveredelements="2"/>
      </file>
    </package>
    <metrics files="1" loc="9" ncloc="9" classes="1" methods="1" coveredmethods="1" conditionals="0" coveredconditionals="0" statements="1" coveredstatements="1" elements="2" coveredelements="2"/>
  </project>
</coverage>
