<?xml version="1.0" encoding="UTF-8"?>
<testsuites>
  <testsuite name="PHPunitTestes" tests="1" assertions="1" errors="0" failures="0" skipped="0" time="0.003836">
    <testsuite name="ExampleTest" file="/app/tests/Models/ExampleTest.php" tests="1" assertions="1" errors="0" failures="0" skipped="0" time="0.003836">
      <testcase name="testFreteGratis" class="ExampleTest" classname="ExampleTest" file="/app/tests/Models/ExampleTest.php" line="7" assertions="1" time="0.003836"/>
    </testsuite>
  </testsuite>
</testsuites>
